<?xml version="1.0" encoding="UTF-8"?>
<testng-results skipped="0" failed="0" ignored="0" total="1" passed="1">
  <reporter-output>
  </reporter-output>
  <suite name="Default suite" duration-ms="7096" started-at="2022-12-23T17:02:40 SGT" finished-at="2022-12-23T17:02:47 SGT">
    <groups>
    </groups>
    <test name="Default test" duration-ms="7096" started-at="2022-12-23T17:02:40 SGT" finished-at="2022-12-23T17:02:47 SGT">
      <class name="cucumbertest.BuggyCarsAPI">
        <test-method status="PASS" signature="getCarDetails()[pri:0, instance:cucumbertest.BuggyCarsAPI@192d3247]" name="getCarDetails" duration-ms="7029" started-at="2022-12-23T17:02:40 SGT" finished-at="2022-12-23T17:02:47 SGT">
          <reporter-output>
          </reporter-output>
        </test-method> <!-- getCarDetails -->
      </class> <!-- cucumbertest.BuggyCarsAPI -->
    </test> <!-- Default test -->
  </suite> <!-- Default suite -->
</testng-results>
